# JRE version: Java(TM) SE Runtime Environment (8.0_201-b09) (build 1.8.0_201-b09)
# Java VM: Java HotSpot(TM) 64-Bit Server VM (25.201-b09 mixed mode bsd-amd64 compressed oops)
Heap:
 PSYoungGen      total 284672K, used 210889K [0x00000007aab00000, 0x00000007be500000, 0x00000007c0000000)
  eden space 258560K, 71% used [0x00000007aab00000,0x00000007b6035cc8,0x00000007ba780000)
  from space 26112K, 97% used [0x00000007bc480000,0x00000007bdd3c970,0x00000007bde00000)
  to   space 29696K, 0% used [0x00000007ba780000,0x00000007ba780000,0x00000007bc480000)
 ParOldGen       total 87552K, used 43146K [0x0000000780000000, 0x0000000785580000, 0x00000007aab00000)
  object space 87552K, 49% used [0x0000000780000000,0x0000000782a228a8,0x0000000785580000)
 Metaspace       used 12670K, capacity 13324K, committed 13568K, reserved 1060864K
  class space    used 1911K, capacity 2035K, committed 2048K, reserved 1048576K
GC Heap History (10 events):
Event: 5.909 GC heap before
{Heap before GC invocations=4 (full 0):
 PSYoungGen      total 38400K, used 38368K [0x00000007aab00000, 0x00000007af600000, 0x00000007c0000000)
  eden space 33280K, 100% used [0x00000007aab00000,0x00000007acb80000,0x00000007acb80000)
  from space 5120K, 99% used [0x00000007acb80000,0x00000007ad078038,0x00000007ad080000)
  to   space 5120K, 0% used [0x00000007af100000,0x00000007af100000,0x00000007af600000)
 ParOldGen       total 87552K, used 12709K [0x0000000780000000, 0x0000000785580000, 0x00000007aab00000)
  object space 87552K, 14% used [0x0000000780000000,0x0000000780c69528,0x0000000785580000)
 Metaspace       used 10013K, capacity 10350K, committed 10624K, reserved 1058816K
  class space    used 1533K, capacity 1619K, committed 1664K, reserved 1048576K
Event: 5.915 GC heap after
Heap after GC invocations=4 (full 0):
 PSYoungGen      total 71680K, used 5098K [0x00000007aab00000, 0x00000007af600000, 0x00000007c0000000)
  eden space 66560K, 0% used [0x00000007aab00000,0x00000007aab00000,0x00000007aec00000)
  from space 5120K, 99% used [0x00000007af100000,0x00000007af5faad0,0x00000007af600000)
  to   space 5120K, 0% used [0x00000007aec00000,0x00000007aec00000,0x00000007af100000)
 ParOldGen       total 87552K, used 14994K [0x0000000780000000, 0x0000000785580000, 0x00000007aab00000)
  object space 87552K, 17% used [0x0000000780000000,0x0000000780ea4b30,0x0000000785580000)
 Metaspace       used 10013K, capacity 10350K, committed 10624K, reserved 1058816K
  class space    used 1533K, capacity 1619K, committed 1664K, reserved 1048576K
}
Event: 6.006 GC heap before
{Heap before GC invocations=5 (full 0):
 PSYoungGen      total 71680K, used 71658K [0x00000007aab00000, 0x00000007af600000, 0x00000007c0000000)
  eden space 66560K, 100% used [0x00000007aab00000,0x00000007aec00000,0x00000007aec00000)
  from space 5120K, 99% used [0x00000007af100000,0x00000007af5faad0,0x00000007af600000)
  to   space 5120K, 0% used [0x00000007aec00000,0x00000007aec00000,0x00000007af100000)
 ParOldGen       total 87552K, used 14994K [0x0000000780000000, 0x0000000785580000, 0x00000007aab00000)
  object space 87552K, 17% used [0x0000000780000000,0x0000000780ea4b30,0x0000000785580000)
 Metaspace       used 10027K, capacity 10362K, committed 10624K, reserved 1058816K
  class space    used 1535K, capacity 1621K, committed 1664K, reserved 1048576K
Event: 6.022 GC heap after
Heap after GC invocations=5 (full 0):
 PSYoungGen      total 71680K, used 5098K [0x00000007aab00000, 0x00000007b4500000, 0x00000007c0000000)
  eden space 66560K, 0% used [0x00000007aab00000,0x00000007aab00000,0x00000007aec00000)
  from space 5120K, 99% used [0x00000007aec00000,0x00000007af0faad8,0x00000007af100000)
  to   space 12288K, 0% used [0x00000007b3900000,0x00000007b3900000,0x00000007b4500000)
 ParOldGen       total 87552K, used 21146K [0x0000000780000000, 0x0000000785580000, 0x00000007aab00000)
  object space 87552K, 24% used [0x0000000780000000,0x00000007814a6b48,0x0000000785580000)
 Metaspace       used 10027K, capacity 10362K, committed 10624K, reserved 1058816K
  class space    used 1535K, capacity 1621K, committed 1664K, reserved 1048576K
}
Event: 6.526 GC heap before
{Heap before GC invocations=6 (full 0):
 PSYoungGen      total 71680K, used 71658K [0x00000007aab00000, 0x00000007b4500000, 0x00000007c0000000)
  eden space 66560K, 100% used [0x00000007aab00000,0x00000007aec00000,0x00000007aec00000)
  from space 5120K, 99% used [0x00000007aec00000,0x00000007af0faad8,0x00000007af100000)
  to   space 12288K, 0% used [0x00000007b3900000,0x00000007b3900000,0x00000007b4500000)
 ParOldGen       total 87552K, used 21146K [0x0000000780000000, 0x0000000785580000, 0x00000007aab00000)
  object space 87552K, 24% used [0x0000000780000000,0x00000007814a6b48,0x0000000785580000)
 Metaspace       used 10033K, capacity 10362K, committed 10624K, reserved 1058816K
  class space    used 1535K, capacity 1621K, committed 1664K, reserved 1048576K
Event: 6.538 GC heap after
Heap after GC invocations=6 (full 0):
 PSYoungGen      total 143360K, used 12276K [0x00000007aab00000, 0x00000007b4900000, 0x00000007c0000000)
  eden space 131072K, 0% used [0x00000007aab00000,0x00000007aab00000,0x00000007b2b00000)
  from space 12288K, 99% used [0x00000007b3900000,0x00000007b44fd3d8,0x00000007b4500000)
  to   space 14336K, 0% used [0x00000007b2b00000,0x00000007b2b00000,0x00000007b3900000)
 ParOldGen       total 87552K, used 22970K [0x0000000780000000, 0x0000000785580000, 0x00000007aab00000)
  object space 87552K, 26% used [0x0000000780000000,0x000000078166eb48,0x0000000785580000)
 Metaspace       used 10033K, capacity 10362K, committed 10624K, reserved 1058816K
  class space    used 1535K, capacity 1621K, committed 1664K, reserved 1048576K
}
Event: 7.386 GC heap before
{Heap before GC invocations=7 (full 0):
 PSYoungGen      total 143360K, used 143348K [0x00000007aab00000, 0x00000007b4900000, 0x00000007c0000000)
  eden space 131072K, 100% used [0x00000007aab00000,0x00000007b2b00000,0x00000007b2b00000)
  from space 12288K, 99% used [0x00000007b3900000,0x00000007b44fd3d8,0x00000007b4500000)
  to   space 14336K, 0% used [0x00000007b2b00000,0x00000007b2b00000,0x00000007b3900000)
 ParOldGen       total 87552K, used 22970K [0x0000000780000000, 0x0000000785580000, 0x00000007aab00000)
  object space 87552K, 26% used [0x0000000780000000,0x000000078166eb48,0x0000000785580000)
 Metaspace       used 11974K, capacity 12568K, committed 12800K, reserved 1060864K
  class space    used 1830K, capacity 1928K, committed 2048K, reserved 1048576K
Event: 7.423 GC heap after
Heap after GC invocations=7 (full 0):
 PSYoungGen      total 145408K, used 14316K [0x00000007aab00000, 0x00000007bde00000, 0x00000007c0000000)
  eden space 131072K, 0% used [0x00000007aab00000,0x00000007aab00000,0x00000007b2b00000)
  from space 14336K, 99% used [0x00000007b2b00000,0x00000007b38fb3f8,0x00000007b3900000)
  to   space 26112K, 0% used [0x00000007bc480000,0x00000007bc480000,0x00000007bde00000)
 ParOldGen       total 87552K, used 43039K [0x0000000780000000, 0x0000000785580000, 0x00000007aab00000)
  object space 87552K, 49% used [0x0000000780000000,0x0000000782a07e20,0x0000000785580000)
 Metaspace       used 11974K, capacity 12568K, committed 12800K, reserved 1060864K
  class space    used 1830K, capacity 1928K, committed 2048K, reserved 1048576K
}
Event: 7.571 GC heap before
{Heap before GC invocations=8 (full 0):
 PSYoungGen      total 145408K, used 145388K [0x00000007aab00000, 0x00000007bde00000, 0x00000007c0000000)
  eden space 131072K, 100% used [0x00000007aab00000,0x00000007b2b00000,0x00000007b2b00000)
  from space 14336K, 99% used [0x00000007b2b00000,0x00000007b38fb3f8,0x00000007b3900000)
  to   space 26112K, 0% used [0x00000007bc480000,0x00000007bc480000,0x00000007bde00000)
 ParOldGen       total 87552K, used 43039K [0x0000000780000000, 0x0000000785580000, 0x00000007aab00000)
  object space 87552K, 49% used [0x0000000780000000,0x0000000782a07e20,0x0000000785580000)
 Metaspace       used 12062K, capacity 12672K, committed 12800K, reserved 1060864K
  class space    used 1871K, capacity 1963K, committed 2048K, reserved 1048576K
Event: 7.602 GC heap after
Heap after GC invocations=8 (full 0):
 PSYoungGen      total 284672K, used 25330K [0x00000007aab00000, 0x00000007be500000, 0x00000007c0000000)
  eden space 258560K, 0% used [0x00000007aab00000,0x00000007aab00000,0x00000007ba780000)
  from space 26112K, 97% used [0x00000007bc480000,0x00000007bdd3c970,0x00000007bde00000)
  to   space 29696K, 0% used [0x00000007ba780000,0x00000007ba780000,0x00000007bc480000)
 ParOldGen       total 87552K, used 43146K [0x0000000780000000, 0x0000000785580000, 0x00000007aab00000)
  object space 87552K, 49% used [0x0000000780000000,0x0000000782a228a8,0x0000000785580000)
 Metaspace       used 12062K, capacity 12672K, committed 12800K, reserved 1060864K
  class space    used 1871K, capacity 1963K, committed 2048K, reserved 1048576K
}

