# JRE version: Java(TM) SE Runtime Environment (8.0_201-b09) (build 1.8.0_201-b09)
# Java VM: Java HotSpot(TM) 64-Bit Server VM (25.201-b09 mixed mode bsd-amd64 compressed oops)
Heap:
 PSYoungGen      total 311296K, used 180237K [0x00000007aab00000, 0x00000007c0000000, 0x00000007c0000000)
  eden space 273408K, 65% used [0x00000007aab00000,0x00000007b5aeb5d8,0x00000007bb600000)
  from space 37888K, 0% used [0x00000007bb600000,0x00000007bb618000,0x00000007bdb00000)
  to   space 37888K, 0% used [0x00000007bdb00000,0x00000007bdb00000,0x00000007c0000000)
 ParOldGen       total 131584K, used 66867K [0x0000000780000000, 0x0000000788080000, 0x00000007aab00000)
  object space 131584K, 50% used [0x0000000780000000,0x000000078414ce48,0x0000000788080000)
 Metaspace       used 12872K, capacity 13460K, committed 13568K, reserved 1060864K
  class space    used 1916K, capacity 2035K, committed 2048K, reserved 1048576K
GC Heap History (10 events):
Event: 12.728 GC heap before
{Heap before GC invocations=10 (full 0):
 PSYoungGen      total 287744K, used 287736K [0x00000007aab00000, 0x00000007c0000000, 0x00000007c0000000)
  eden space 258048K, 100% used [0x00000007aab00000,0x00000007ba700000,0x00000007ba700000)
  from space 29696K, 99% used [0x00000007ba700000,0x00000007bc3fe1e0,0x00000007bc400000)
  to   space 37376K, 0% used [0x00000007bdb80000,0x00000007bdb80000,0x00000007c0000000)
 ParOldGen       total 87552K, used 50687K [0x0000000780000000, 0x0000000785580000, 0x00000007aab00000)
  object space 87552K, 57% used [0x0000000780000000,0x000000078317ff70,0x0000000785580000)
 Metaspace       used 12859K, capacity 13460K, committed 13568K, reserved 1060864K
  class space    used 1915K, capacity 2035K, committed 2048K, reserved 1048576K
Event: 12.770 GC heap after
Heap after GC invocations=10 (full 0):
 PSYoungGen      total 312320K, used 9152K [0x00000007aab00000, 0x00000007c0000000, 0x00000007c0000000)
  eden space 274944K, 0% used [0x00000007aab00000,0x00000007aab00000,0x00000007bb780000)
  from space 37376K, 24% used [0x00000007bdb80000,0x00000007be470000,0x00000007c0000000)
  to   space 36864K, 0% used [0x00000007bb780000,0x00000007bb780000,0x00000007bdb80000)
 ParOldGen       total 87552K, used 71331K [0x0000000780000000, 0x0000000785580000, 0x00000007aab00000)
  object space 87552K, 81% used [0x0000000780000000,0x00000007845a8f10,0x0000000785580000)
 Metaspace       used 12859K, capacity 13460K, committed 13568K, reserved 1060864K
  class space    used 1915K, capacity 2035K, committed 2048K, reserved 1048576K
}
Event: 12.771 GC heap before
{Heap before GC invocations=11 (full 1):
 PSYoungGen      total 312320K, used 9152K [0x00000007aab00000, 0x00000007c0000000, 0x00000007c0000000)
  eden space 274944K, 0% used [0x00000007aab00000,0x00000007aab00000,0x00000007bb780000)
  from space 37376K, 24% used [0x00000007bdb80000,0x00000007be470000,0x00000007c0000000)
  to   space 36864K, 0% used [0x00000007bb780000,0x00000007bb780000,0x00000007bdb80000)
 ParOldGen       total 87552K, used 71331K [0x0000000780000000, 0x0000000785580000, 0x00000007aab00000)
  object space 87552K, 81% used [0x0000000780000000,0x00000007845a8f10,0x0000000785580000)
 Metaspace       used 12859K, capacity 13460K, committed 13568K, reserved 1060864K
  class space    used 1915K, capacity 2035K, committed 2048K, reserved 1048576K
Event: 13.143 GC heap after
Heap after GC invocations=11 (full 1):
 PSYoungGen      total 312320K, used 0K [0x00000007aab00000, 0x00000007c0000000, 0x00000007c0000000)
  eden space 274944K, 0% used [0x00000007aab00000,0x00000007aab00000,0x00000007bb780000)
  from space 37376K, 0% used [0x00000007bdb80000,0x00000007bdb80000,0x00000007c0000000)
  to   space 36864K, 0% used [0x00000007bb780000,0x00000007bb780000,0x00000007bdb80000)
 ParOldGen       total 131584K, used 66835K [0x0000000780000000, 0x0000000788080000, 0x00000007aab00000)
  object space 131584K, 50% used [0x0000000780000000,0x0000000784144e48,0x0000000788080000)
 Metaspace       used 12859K, capacity 13460K, committed 13568K, reserved 1060864K
  class space    used 1915K, capacity 2035K, committed 2048K, reserved 1048576K
}
Event: 15.672 GC heap before
{Heap before GC invocations=12 (full 1):
 PSYoungGen      total 312320K, used 274944K [0x00000007aab00000, 0x00000007c0000000, 0x00000007c0000000)
  eden space 274944K, 100% used [0x00000007aab00000,0x00000007bb780000,0x00000007bb780000)
  from space 37376K, 0% used [0x00000007bdb80000,0x00000007bdb80000,0x00000007c0000000)
  to   space 36864K, 0% used [0x00000007bb780000,0x00000007bb780000,0x00000007bdb80000)
 ParOldGen       total 131584K, used 66835K [0x0000000780000000, 0x0000000788080000, 0x00000007aab00000)
  object space 131584K, 50% used [0x0000000780000000,0x0000000784144e48,0x0000000788080000)
 Metaspace       used 12865K, capacity 13460K, committed 13568K, reserved 1060864K
  class space    used 1915K, capacity 2035K, committed 2048K, reserved 1048576K
Event: 15.672 GC heap after
Heap after GC invocations=12 (full 1):
 PSYoungGen      total 275456K, used 96K [0x00000007aab00000, 0x00000007c0000000, 0x00000007c0000000)
  eden space 274944K, 0% used [0x00000007aab00000,0x00000007aab00000,0x00000007bb780000)
  from space 512K, 18% used [0x00000007bb780000,0x00000007bb798000,0x00000007bb800000)
  to   space 37888K, 0% used [0x00000007bdb00000,0x00000007bdb00000,0x00000007c0000000)
 ParOldGen       total 131584K, used 66835K [0x0000000780000000, 0x0000000788080000, 0x00000007aab00000)
  object space 131584K, 50% used [0x0000000780000000,0x0000000784144e48,0x0000000788080000)
 Metaspace       used 12865K, capacity 13460K, committed 13568K, reserved 1060864K
  class space    used 1915K, capacity 2035K, committed 2048K, reserved 1048576K
}
Event: 18.206 GC heap before
{Heap before GC invocations=13 (full 1):
 PSYoungGen      total 275456K, used 275040K [0x00000007aab00000, 0x00000007c0000000, 0x00000007c0000000)
  eden space 274944K, 100% used [0x00000007aab00000,0x00000007bb780000,0x00000007bb780000)
  from space 512K, 18% used [0x00000007bb780000,0x00000007bb798000,0x00000007bb800000)
  to   space 37888K, 0% used [0x00000007bdb00000,0x00000007bdb00000,0x00000007c0000000)
 ParOldGen       total 131584K, used 66835K [0x0000000780000000, 0x0000000788080000, 0x00000007aab00000)
  object space 131584K, 50% used [0x0000000780000000,0x0000000784144e48,0x0000000788080000)
 Metaspace       used 12872K, capacity 13460K, committed 13568K, reserved 1060864K
  class space    used 1916K, capacity 2035K, committed 2048K, reserved 1048576K
Event: 18.207 GC heap after
Heap after GC invocations=13 (full 1):
 PSYoungGen      total 311296K, used 128K [0x00000007aab00000, 0x00000007c0000000, 0x00000007c0000000)
  eden space 273408K, 0% used [0x00000007aab00000,0x00000007aab00000,0x00000007bb600000)
  from space 37888K, 0% used [0x00000007bdb00000,0x00000007bdb20000,0x00000007c0000000)
  to   space 37888K, 0% used [0x00000007bb600000,0x00000007bb600000,0x00000007bdb00000)
 ParOldGen       total 131584K, used 66851K [0x0000000780000000, 0x0000000788080000, 0x00000007aab00000)
  object space 131584K, 50% used [0x0000000780000000,0x0000000784148e48,0x0000000788080000)
 Metaspace       used 12872K, capacity 13460K, committed 13568K, reserved 1060864K
  class space    used 1916K, capacity 2035K, committed 2048K, reserved 1048576K
}
Event: 20.261 GC heap before
{Heap before GC invocations=14 (full 1):
 PSYoungGen      total 311296K, used 273536K [0x00000007aab00000, 0x00000007c0000000, 0x00000007c0000000)
  eden space 273408K, 100% used [0x00000007aab00000,0x00000007bb600000,0x00000007bb600000)
  from space 37888K, 0% used [0x00000007bdb00000,0x00000007bdb20000,0x00000007c0000000)
  to   space 37888K, 0% used [0x00000007bb600000,0x00000007bb600000,0x00000007bdb00000)
 ParOldGen       total 131584K, used 66851K [0x0000000780000000, 0x0000000788080000, 0x00000007aab00000)
  object space 131584K, 50% used [0x0000000780000000,0x0000000784148e48,0x0000000788080000)
 Metaspace       used 12872K, capacity 13460K, committed 13568K, reserved 1060864K
  class space    used 1916K, capacity 2035K, committed 2048K, reserved 1048576K
Event: 20.262 GC heap after
Heap after GC invocations=14 (full 1):
 PSYoungGen      total 311296K, used 96K [0x00000007aab00000, 0x00000007c0000000, 0x00000007c0000000)
  eden space 273408K, 0% used [0x00000007aab00000,0x00000007aab00000,0x00000007bb600000)
  from space 37888K, 0% used [0x00000007bb600000,0x00000007bb618000,0x00000007bdb00000)
  to   space 37888K, 0% used [0x00000007bdb00000,0x00000007bdb00000,0x00000007c0000000)
 ParOldGen       total 131584K, used 66867K [0x0000000780000000, 0x0000000788080000, 0x00000007aab00000)
  object space 131584K, 50% used [0x0000000780000000,0x000000078414ce48,0x0000000788080000)
 Metaspace       used 12872K, capacity 13460K, committed 13568K, reserved 1060864K
  class space    used 1916K, capacity 2035K, committed 2048K, reserved 1048576K
}

