# JRE version: Java(TM) SE Runtime Environment (8.0_201-b09) (build 1.8.0_201-b09)
# Java VM: Java HotSpot(TM) 64-Bit Server VM (25.201-b09 mixed mode bsd-amd64 compressed oops)
Heap:
 PSYoungGen      total 318976K, used 159590K [0x00000007aab00000, 0x00000007bfb80000, 0x00000007c0000000)
  eden space 295424K, 53% used [0x00000007aab00000,0x00000007b46c9b90,0x00000007bcb80000)
  from space 23552K, 0% used [0x00000007be480000,0x00000007be490000,0x00000007bfb80000)
  to   space 24576K, 0% used [0x00000007bcb80000,0x00000007bcb80000,0x00000007be380000)
 ParOldGen       total 128512K, used 66943K [0x0000000780000000, 0x0000000787d80000, 0x00000007aab00000)
  object space 128512K, 52% used [0x0000000780000000,0x000000078415fce0,0x0000000787d80000)
 Metaspace       used 12852K, capacity 13464K, committed 13568K, reserved 1060864K
  class space    used 1915K, capacity 2035K, committed 2048K, reserved 1048576K
GC Heap History (10 events):
Event: 29.002 GC heap before
{Heap before GC invocations=21 (full 1):
 PSYoungGen      total 312832K, used 279648K [0x00000007aab00000, 0x00000007bfd80000, 0x00000007c0000000)
  eden space 279552K, 100% used [0x00000007aab00000,0x00000007bbc00000,0x00000007bbc00000)
  from space 33280K, 0% used [0x00000007bbc00000,0x00000007bbc18000,0x00000007bdc80000)
  to   space 31744K, 0% used [0x00000007bde80000,0x00000007bde80000,0x00000007bfd80000)
 ParOldGen       total 128512K, used 66943K [0x0000000780000000, 0x0000000787d80000, 0x00000007aab00000)
  object space 128512K, 52% used [0x0000000780000000,0x000000078415fce0,0x0000000787d80000)
 Metaspace       used 12847K, capacity 13400K, committed 13568K, reserved 1060864K
  class space    used 1915K, capacity 2035K, committed 2048K, reserved 1048576K
Event: 29.002 GC heap after
Heap after GC invocations=21 (full 1):
 PSYoungGen      total 313856K, used 96K [0x00000007aab00000, 0x00000007bfb80000, 0x00000007c0000000)
  eden space 284160K, 0% used [0x00000007aab00000,0x00000007aab00000,0x00000007bc080000)
  from space 29696K, 0% used [0x00000007bde80000,0x00000007bde98000,0x00000007bfb80000)
  to   space 30208K, 0% used [0x00000007bc080000,0x00000007bc080000,0x00000007bde00000)
 ParOldGen       total 128512K, used 66943K [0x0000000780000000, 0x0000000787d80000, 0x00000007aab00000)
  object space 128512K, 52% used [0x0000000780000000,0x000000078415fce0,0x0000000787d80000)
 Metaspace       used 12847K, capacity 13400K, committed 13568K, reserved 1060864K
  class space    used 1915K, capacity 2035K, committed 2048K, reserved 1048576K
}
Event: 30.469 GC heap before
{Heap before GC invocations=22 (full 1):
 PSYoungGen      total 313856K, used 284256K [0x00000007aab00000, 0x00000007bfb80000, 0x00000007c0000000)
  eden space 284160K, 100% used [0x00000007aab00000,0x00000007bc080000,0x00000007bc080000)
  from space 29696K, 0% used [0x00000007bde80000,0x00000007bde98000,0x00000007bfb80000)
  to   space 30208K, 0% used [0x00000007bc080000,0x00000007bc080000,0x00000007bde00000)
 ParOldGen       total 128512K, used 66943K [0x0000000780000000, 0x0000000787d80000, 0x00000007aab00000)
  object space 128512K, 52% used [0x0000000780000000,0x000000078415fce0,0x0000000787d80000)
 Metaspace       used 12847K, capacity 13400K, committed 13568K, reserved 1060864K
  class space    used 1915K, capacity 2035K, committed 2048K, reserved 1048576K
Event: 30.470 GC heap after
Heap after GC invocations=22 (full 1):
 PSYoungGen      total 314368K, used 96K [0x00000007aab00000, 0x00000007bfe80000, 0x00000007c0000000)
  eden space 284160K, 0% used [0x00000007aab00000,0x00000007aab00000,0x00000007bc080000)
  from space 30208K, 0% used [0x00000007bc080000,0x00000007bc098000,0x00000007bde00000)
  to   space 29184K, 0% used [0x00000007be200000,0x00000007be200000,0x00000007bfe80000)
 ParOldGen       total 128512K, used 66943K [0x0000000780000000, 0x0000000787d80000, 0x00000007aab00000)
  object space 128512K, 52% used [0x0000000780000000,0x000000078415fce0,0x0000000787d80000)
 Metaspace       used 12847K, capacity 13400K, committed 13568K, reserved 1060864K
  class space    used 1915K, capacity 2035K, committed 2048K, reserved 1048576K
}
Event: 32.872 GC heap before
{Heap before GC invocations=23 (full 1):
 PSYoungGen      total 314368K, used 284256K [0x00000007aab00000, 0x00000007bfe80000, 0x00000007c0000000)
  eden space 284160K, 100% used [0x00000007aab00000,0x00000007bc080000,0x00000007bc080000)
  from space 30208K, 0% used [0x00000007bc080000,0x00000007bc098000,0x00000007bde00000)
  to   space 29184K, 0% used [0x00000007be200000,0x00000007be200000,0x00000007bfe80000)
 ParOldGen       total 128512K, used 66943K [0x0000000780000000, 0x0000000787d80000, 0x00000007aab00000)
  object space 128512K, 52% used [0x0000000780000000,0x000000078415fce0,0x0000000787d80000)
 Metaspace       used 12847K, capacity 13400K, committed 13568K, reserved 1060864K
  class space    used 1915K, capacity 2035K, committed 2048K, reserved 1048576K
Event: 32.873 GC heap after
Heap after GC invocations=23 (full 1):
 PSYoungGen      total 316416K, used 96K [0x00000007aab00000, 0x00000007bfc00000, 0x00000007c0000000)
  eden space 289792K, 0% used [0x00000007aab00000,0x00000007aab00000,0x00000007bc600000)
  from space 26624K, 0% used [0x00000007be200000,0x00000007be218000,0x00000007bfc00000)
  to   space 27648K, 0% used [0x00000007bc600000,0x00000007bc600000,0x00000007be100000)
 ParOldGen       total 128512K, used 66943K [0x0000000780000000, 0x0000000787d80000, 0x00000007aab00000)
  object space 128512K, 52% used [0x0000000780000000,0x000000078415fce0,0x0000000787d80000)
 Metaspace       used 12847K, capacity 13400K, committed 13568K, reserved 1060864K
  class space    used 1915K, capacity 2035K, committed 2048K, reserved 1048576K
}
Event: 34.752 GC heap before
{Heap before GC invocations=24 (full 1):
 PSYoungGen      total 316416K, used 289888K [0x00000007aab00000, 0x00000007bfc00000, 0x00000007c0000000)
  eden space 289792K, 100% used [0x00000007aab00000,0x00000007bc600000,0x00000007bc600000)
  from space 26624K, 0% used [0x00000007be200000,0x00000007be218000,0x00000007bfc00000)
  to   space 27648K, 0% used [0x00000007bc600000,0x00000007bc600000,0x00000007be100000)
 ParOldGen       total 128512K, used 66943K [0x0000000780000000, 0x0000000787d80000, 0x00000007aab00000)
  object space 128512K, 52% used [0x0000000780000000,0x000000078415fce0,0x0000000787d80000)
 Metaspace       used 12852K, capacity 13464K, committed 13568K, reserved 1060864K
  class space    used 1915K, capacity 2035K, committed 2048K, reserved 1048576K
Event: 34.753 GC heap after
Heap after GC invocations=24 (full 1):
 PSYoungGen      total 317440K, used 96K [0x00000007aab00000, 0x00000007bfe00000, 0x00000007c0000000)
  eden space 289792K, 0% used [0x00000007aab00000,0x00000007aab00000,0x00000007bc600000)
  from space 27648K, 0% used [0x00000007bc600000,0x00000007bc618000,0x00000007be100000)
  to   space 26112K, 0% used [0x00000007be480000,0x00000007be480000,0x00000007bfe00000)
 ParOldGen       total 128512K, used 66943K [0x0000000780000000, 0x0000000787d80000, 0x00000007aab00000)
  object space 128512K, 52% used [0x0000000780000000,0x000000078415fce0,0x0000000787d80000)
 Metaspace       used 12852K, capacity 13464K, committed 13568K, reserved 1060864K
  class space    used 1915K, capacity 2035K, committed 2048K, reserved 1048576K
}
Event: 36.518 GC heap before
{Heap before GC invocations=25 (full 1):
 PSYoungGen      total 317440K, used 289888K [0x00000007aab00000, 0x00000007bfe00000, 0x00000007c0000000)
  eden space 289792K, 100% used [0x00000007aab00000,0x00000007bc600000,0x00000007bc600000)
  from space 27648K, 0% used [0x00000007bc600000,0x00000007bc618000,0x00000007be100000)
  to   space 26112K, 0% used [0x00000007be480000,0x00000007be480000,0x00000007bfe00000)
 ParOldGen       total 128512K, used 66943K [0x0000000780000000, 0x0000000787d80000, 0x00000007aab00000)
  object space 128512K, 52% used [0x0000000780000000,0x000000078415fce0,0x0000000787d80000)
 Metaspace       used 12852K, capacity 13464K, committed 13568K, reserved 1060864K
  class space    used 1915K, capacity 2035K, committed 2048K, reserved 1048576K
Event: 36.520 GC heap after
Heap after GC invocations=25 (full 1):
 PSYoungGen      total 318976K, used 64K [0x00000007aab00000, 0x00000007bfb80000, 0x00000007c0000000)
  eden space 295424K, 0% used [0x00000007aab00000,0x00000007aab00000,0x00000007bcb80000)
  from space 23552K, 0% used [0x00000007be480000,0x00000007be490000,0x00000007bfb80000)
  to   space 24576K, 0% used [0x00000007bcb80000,0x00000007bcb80000,0x00000007be380000)
 ParOldGen       total 128512K, used 66943K [0x0000000780000000, 0x0000000787d80000, 0x00000007aab00000)
  object space 128512K, 52% used [0x0000000780000000,0x000000078415fce0,0x0000000787d80000)
 Metaspace       used 12852K, capacity 13464K, committed 13568K, reserved 1060864K
  class space    used 1915K, capacity 2035K, committed 2048K, reserved 1048576K
}

