# JRE version: Java(TM) SE Runtime Environment (8.0_201-b09) (build 1.8.0_201-b09)
# Java VM: Java HotSpot(TM) 64-Bit Server VM (25.201-b09 mixed mode bsd-amd64 compressed oops)
Heap:
 PSYoungGen      total 312320K, used 146985K [0x00000007aab00000, 0x00000007c0000000, 0x00000007c0000000)
  eden space 274944K, 53% used [0x00000007aab00000,0x00000007b3a8a510,0x00000007bb780000)
  from space 37376K, 0% used [0x00000007bdb80000,0x00000007bdb80000,0x00000007c0000000)
  to   space 36864K, 0% used [0x00000007bb780000,0x00000007bb780000,0x00000007bdb80000)
 ParOldGen       total 130560K, used 66841K [0x0000000780000000, 0x0000000787f80000, 0x00000007aab00000)
  object space 130560K, 51% used [0x0000000780000000,0x0000000784146560,0x0000000787f80000)
 Metaspace       used 12836K, capacity 13456K, committed 13568K, reserved 1060864K
  class space    used 1915K, capacity 2035K, committed 2048K, reserved 1048576K
GC Heap History (10 events):
Event: 7.311 GC heap before
{Heap before GC invocations=7 (full 0):
 PSYoungGen      total 143360K, used 143338K [0x00000007aab00000, 0x00000007b4900000, 0x00000007c0000000)
  eden space 131072K, 100% used [0x00000007aab00000,0x00000007b2b00000,0x00000007b2b00000)
  from space 12288K, 99% used [0x00000007b3900000,0x00000007b44fa948,0x00000007b4500000)
  to   space 14336K, 0% used [0x00000007b2b00000,0x00000007b2b00000,0x00000007b3900000)
 ParOldGen       total 87552K, used 22848K [0x0000000780000000, 0x0000000785580000, 0x00000007aab00000)
  object space 87552K, 26% used [0x0000000780000000,0x00000007816500a8,0x0000000785580000)
 Metaspace       used 11960K, capacity 12490K, committed 12800K, reserved 1060864K
  class space    used 1842K, capacity 1927K, committed 2048K, reserved 1048576K
Event: 7.353 GC heap after
Heap after GC invocations=7 (full 0):
 PSYoungGen      total 145408K, used 14316K [0x00000007aab00000, 0x00000007bde00000, 0x00000007c0000000)
  eden space 131072K, 0% used [0x00000007aab00000,0x00000007aab00000,0x00000007b2b00000)
  from space 14336K, 99% used [0x00000007b2b00000,0x00000007b38fb3f8,0x00000007b3900000)
  to   space 26112K, 0% used [0x00000007bc480000,0x00000007bc480000,0x00000007bde00000)
 ParOldGen       total 87552K, used 42796K [0x0000000780000000, 0x0000000785580000, 0x00000007aab00000)
  object space 87552K, 48% used [0x0000000780000000,0x00000007829cb340,0x0000000785580000)
 Metaspace       used 11960K, capacity 12490K, committed 12800K, reserved 1060864K
  class space    used 1842K, capacity 1927K, committed 2048K, reserved 1048576K
}
Event: 7.518 GC heap before
{Heap before GC invocations=8 (full 0):
 PSYoungGen      total 145408K, used 145388K [0x00000007aab00000, 0x00000007bde00000, 0x00000007c0000000)
  eden space 131072K, 100% used [0x00000007aab00000,0x00000007b2b00000,0x00000007b2b00000)
  from space 14336K, 99% used [0x00000007b2b00000,0x00000007b38fb3f8,0x00000007b3900000)
  to   space 26112K, 0% used [0x00000007bc480000,0x00000007bc480000,0x00000007bde00000)
 ParOldGen       total 87552K, used 42796K [0x0000000780000000, 0x0000000785580000, 0x00000007aab00000)
  object space 87552K, 48% used [0x0000000780000000,0x00000007829cb340,0x0000000785580000)
 Metaspace       used 12045K, capacity 12594K, committed 12800K, reserved 1060864K
  class space    used 1880K, capacity 1962K, committed 2048K, reserved 1048576K
Event: 7.548 GC heap after
Heap after GC invocations=8 (full 0):
 PSYoungGen      total 284672K, used 25363K [0x00000007aab00000, 0x00000007be500000, 0x00000007c0000000)
  eden space 258560K, 0% used [0x00000007aab00000,0x00000007aab00000,0x00000007ba780000)
  from space 26112K, 97% used [0x00000007bc480000,0x00000007bdd44c68,0x00000007bde00000)
  to   space 29696K, 0% used [0x00000007ba780000,0x00000007ba780000,0x00000007bc480000)
 ParOldGen       total 87552K, used 42895K [0x0000000780000000, 0x0000000785580000, 0x00000007aab00000)
  object space 87552K, 48% used [0x0000000780000000,0x00000007829e3dc8,0x0000000785580000)
 Metaspace       used 12045K, capacity 12594K, committed 12800K, reserved 1060864K
  class space    used 1880K, capacity 1962K, committed 2048K, reserved 1048576K
}
Event: 9.194 GC heap before
{Heap before GC invocations=9 (full 0):
 PSYoungGen      total 284672K, used 283923K [0x00000007aab00000, 0x00000007be500000, 0x00000007c0000000)
  eden space 258560K, 100% used [0x00000007aab00000,0x00000007ba780000,0x00000007ba780000)
  from space 26112K, 97% used [0x00000007bc480000,0x00000007bdd44c68,0x00000007bde00000)
  to   space 29696K, 0% used [0x00000007ba780000,0x00000007ba780000,0x00000007bc480000)
 ParOldGen       total 87552K, used 42895K [0x0000000780000000, 0x0000000785580000, 0x00000007aab00000)
  object space 87552K, 48% used [0x0000000780000000,0x00000007829e3dc8,0x0000000785580000)
 Metaspace       used 12810K, capacity 13392K, committed 13568K, reserved 1060864K
  class space    used 1915K, capacity 2035K, committed 2048K, reserved 1048576K
Event: 9.269 GC heap after
Heap after GC invocations=9 (full 0):
 PSYoungGen      total 288256K, used 29688K [0x00000007aab00000, 0x00000007c0000000, 0x00000007c0000000)
  eden space 258560K, 0% used [0x00000007aab00000,0x00000007aab00000,0x00000007ba780000)
  from space 29696K, 99% used [0x00000007ba780000,0x00000007bc47e1e0,0x00000007bc480000)
  to   space 37376K, 0% used [0x00000007bdb80000,0x00000007bdb80000,0x00000007c0000000)
 ParOldGen       total 87552K, used 51678K [0x0000000780000000, 0x0000000785580000, 0x00000007aab00000)
  object space 87552K, 59% used [0x0000000780000000,0x00000007832779b0,0x0000000785580000)
 Metaspace       used 12810K, capacity 13392K, committed 13568K, reserved 1060864K
  class space    used 1915K, capacity 2035K, committed 2048K, reserved 1048576K
}
Event: 11.589 GC heap before
{Heap before GC invocations=10 (full 0):
 PSYoungGen      total 288256K, used 288248K [0x00000007aab00000, 0x00000007c0000000, 0x00000007c0000000)
  eden space 258560K, 100% used [0x00000007aab00000,0x00000007ba780000,0x00000007ba780000)
  from space 29696K, 99% used [0x00000007ba780000,0x00000007bc47e1e0,0x00000007bc480000)
  to   space 37376K, 0% used [0x00000007bdb80000,0x00000007bdb80000,0x00000007c0000000)
 ParOldGen       total 87552K, used 51678K [0x0000000780000000, 0x0000000785580000, 0x00000007aab00000)
  object space 87552K, 59% used [0x0000000780000000,0x00000007832779b0,0x0000000785580000)
 Metaspace       used 12834K, capacity 13456K, committed 13568K, reserved 1060864K
  class space    used 1915K, capacity 2035K, committed 2048K, reserved 1048576K
Event: 11.625 GC heap after
Heap after GC invocations=10 (full 0):
 PSYoungGen      total 312320K, used 9504K [0x00000007aab00000, 0x00000007c0000000, 0x00000007c0000000)
  eden space 274944K, 0% used [0x00000007aab00000,0x00000007aab00000,0x00000007bb780000)
  from space 37376K, 25% used [0x00000007bdb80000,0x00000007be4c8000,0x00000007c0000000)
  to   space 36864K, 0% used [0x00000007bb780000,0x00000007bb780000,0x00000007bdb80000)
 ParOldGen       total 87552K, used 72002K [0x0000000780000000, 0x0000000785580000, 0x00000007aab00000)
  object space 87552K, 82% used [0x0000000780000000,0x0000000784650a28,0x0000000785580000)
 Metaspace       used 12834K, capacity 13456K, committed 13568K, reserved 1060864K
  class space    used 1915K, capacity 2035K, committed 2048K, reserved 1048576K
}
Event: 11.631 GC heap before
{Heap before GC invocations=11 (full 1):
 PSYoungGen      total 312320K, used 9504K [0x00000007aab00000, 0x00000007c0000000, 0x00000007c0000000)
  eden space 274944K, 0% used [0x00000007aab00000,0x00000007aab00000,0x00000007bb780000)
  from space 37376K, 25% used [0x00000007bdb80000,0x00000007be4c8000,0x00000007c0000000)
  to   space 36864K, 0% used [0x00000007bb780000,0x00000007bb780000,0x00000007bdb80000)
 ParOldGen       total 87552K, used 72002K [0x0000000780000000, 0x0000000785580000, 0x00000007aab00000)
  object space 87552K, 82% used [0x0000000780000000,0x0000000784650a28,0x0000000785580000)
 Metaspace       used 12834K, capacity 13456K, committed 13568K, reserved 1060864K
  class space    used 1915K, capacity 2035K, committed 2048K, reserved 1048576K
Event: 11.951 GC heap after
Heap after GC invocations=11 (full 1):
 PSYoungGen      total 312320K, used 0K [0x00000007aab00000, 0x00000007c0000000, 0x00000007c0000000)
  eden space 274944K, 0% used [0x00000007aab00000,0x00000007aab00000,0x00000007bb780000)
  from space 37376K, 0% used [0x00000007bdb80000,0x00000007bdb80000,0x00000007c0000000)
  to   space 36864K, 0% used [0x00000007bb780000,0x00000007bb780000,0x00000007bdb80000)
 ParOldGen       total 130560K, used 66841K [0x0000000780000000, 0x0000000787f80000, 0x00000007aab00000)
  object space 130560K, 51% used [0x0000000780000000,0x0000000784146560,0x0000000787f80000)
 Metaspace       used 12834K, capacity 13456K, committed 13568K, reserved 1060864K
  class space    used 1915K, capacity 2035K, committed 2048K, reserved 1048576K
}

