# JRE version: Java(TM) SE Runtime Environment (8.0_201-b09) (build 1.8.0_201-b09)
# Java VM: Java HotSpot(TM) 64-Bit Server VM (25.201-b09 mixed mode bsd-amd64 compressed oops)
Heap:
 PSYoungGen      total 312832K, used 246999K [0x00000007aab00000, 0x00000007c0000000, 0x00000007c0000000)
  eden space 275968K, 89% used [0x00000007aab00000,0x00000007b9c35cf8,0x00000007bb880000)
  from space 36864K, 0% used [0x00000007bdc00000,0x00000007bdc00000,0x00000007c0000000)
  to   space 36352K, 0% used [0x00000007bb880000,0x00000007bb880000,0x00000007bdc00000)
 ParOldGen       total 128512K, used 66944K [0x0000000780000000, 0x0000000787d80000, 0x00000007aab00000)
  object space 128512K, 52% used [0x0000000780000000,0x0000000784160210,0x0000000787d80000)
 Metaspace       used 12856K, capacity 13400K, committed 13568K, reserved 1060864K
  class space    used 1921K, capacity 2035K, committed 2048K, reserved 1048576K
GC Heap History (10 events):
Event: 12.028 GC heap before
{Heap before GC invocations=7 (full 0):
 PSYoungGen      total 141824K, used 141796K [0x00000007aab00000, 0x00000007b4a00000, 0x00000007c0000000)
  eden space 130048K, 100% used [0x00000007aab00000,0x00000007b2a00000,0x00000007b2a00000)
  from space 11776K, 99% used [0x00000007b3880000,0x00000007b43f93e0,0x00000007b4400000)
  to   space 14848K, 0% used [0x00000007b2a00000,0x00000007b2a00000,0x00000007b3880000)
 ParOldGen       total 87552K, used 25334K [0x0000000780000000, 0x0000000785580000, 0x00000007aab00000)
  object space 87552K, 28% used [0x0000000780000000,0x00000007818bdbd8,0x0000000785580000)
 Metaspace       used 12345K, capacity 13000K, committed 13056K, reserved 1060864K
  class space    used 1879K, capacity 2000K, committed 2048K, reserved 1048576K
Event: 12.090 GC heap after
Heap after GC invocations=7 (full 0):
 PSYoungGen      total 144896K, used 14816K [0x00000007aab00000, 0x00000007bda00000, 0x00000007c0000000)
  eden space 130048K, 0% used [0x00000007aab00000,0x00000007aab00000,0x00000007b2a00000)
  from space 14848K, 99% used [0x00000007b2a00000,0x00000007b3878300,0x00000007b3880000)
  to   space 25088K, 0% used [0x00000007bc180000,0x00000007bc180000,0x00000007bda00000)
 ParOldGen       total 87552K, used 43242K [0x0000000780000000, 0x0000000785580000, 0x00000007aab00000)
  object space 87552K, 49% used [0x0000000780000000,0x0000000782a3a820,0x0000000785580000)
 Metaspace       used 12345K, capacity 13000K, committed 13056K, reserved 1060864K
  class space    used 1879K, capacity 2000K, committed 2048K, reserved 1048576K
}
Event: 12.316 GC heap before
{Heap before GC invocations=8 (full 0):
 PSYoungGen      total 144896K, used 144864K [0x00000007aab00000, 0x00000007bda00000, 0x00000007c0000000)
  eden space 130048K, 100% used [0x00000007aab00000,0x00000007b2a00000,0x00000007b2a00000)
  from space 14848K, 99% used [0x00000007b2a00000,0x00000007b3878300,0x00000007b3880000)
  to   space 25088K, 0% used [0x00000007bc180000,0x00000007bc180000,0x00000007bda00000)
 ParOldGen       total 87552K, used 43242K [0x0000000780000000, 0x0000000785580000, 0x00000007aab00000)
  object space 87552K, 49% used [0x0000000780000000,0x0000000782a3a820,0x0000000785580000)
 Metaspace       used 12431K, capacity 13040K, committed 13056K, reserved 1060864K
  class space    used 1920K, capacity 2035K, committed 2048K, reserved 1048576K
Event: 12.364 GC heap after
Heap after GC invocations=8 (full 0):
 PSYoungGen      total 281088K, used 25068K [0x00000007aab00000, 0x00000007be200000, 0x00000007c0000000)
  eden space 256000K, 0% used [0x00000007aab00000,0x00000007aab00000,0x00000007ba500000)
  from space 25088K, 99% used [0x00000007bc180000,0x00000007bd9fb3f8,0x00000007bda00000)
  to   space 29184K, 0% used [0x00000007ba500000,0x00000007ba500000,0x00000007bc180000)
 ParOldGen       total 87552K, used 43593K [0x0000000780000000, 0x0000000785580000, 0x00000007aab00000)
  object space 87552K, 49% used [0x0000000780000000,0x0000000782a927a0,0x0000000785580000)
 Metaspace       used 12431K, capacity 13040K, committed 13056K, reserved 1060864K
  class space    used 1920K, capacity 2035K, committed 2048K, reserved 1048576K
}
Event: 15.238 GC heap before
{Heap before GC invocations=9 (full 0):
 PSYoungGen      total 281088K, used 281068K [0x00000007aab00000, 0x00000007be200000, 0x00000007c0000000)
  eden space 256000K, 100% used [0x00000007aab00000,0x00000007ba500000,0x00000007ba500000)
  from space 25088K, 99% used [0x00000007bc180000,0x00000007bd9fb3f8,0x00000007bda00000)
  to   space 29184K, 0% used [0x00000007ba500000,0x00000007ba500000,0x00000007bc180000)
 ParOldGen       total 87552K, used 43593K [0x0000000780000000, 0x0000000785580000, 0x00000007aab00000)
  object space 87552K, 49% used [0x0000000780000000,0x0000000782a927a0,0x0000000785580000)
 Metaspace       used 12824K, capacity 13400K, committed 13568K, reserved 1060864K
  class space    used 1921K, capacity 2035K, committed 2048K, reserved 1048576K
Event: 15.295 GC heap after
Heap after GC invocations=9 (full 0):
 PSYoungGen      total 285184K, used 29176K [0x00000007aab00000, 0x00000007c0000000, 0x00000007c0000000)
  eden space 256000K, 0% used [0x00000007aab00000,0x00000007aab00000,0x00000007ba500000)
  from space 29184K, 99% used [0x00000007ba500000,0x00000007bc17e1e0,0x00000007bc180000)
  to   space 36864K, 0% used [0x00000007bdc00000,0x00000007bdc00000,0x00000007c0000000)
 ParOldGen       total 87552K, used 52762K [0x0000000780000000, 0x0000000785580000, 0x00000007aab00000)
  object space 87552K, 60% used [0x0000000780000000,0x0000000783386a90,0x0000000785580000)
 Metaspace       used 12824K, capacity 13400K, committed 13568K, reserved 1060864K
  class space    used 1921K, capacity 2035K, committed 2048K, reserved 1048576K
}
Event: 18.173 GC heap before
{Heap before GC invocations=10 (full 0):
 PSYoungGen      total 285184K, used 285176K [0x00000007aab00000, 0x00000007c0000000, 0x00000007c0000000)
  eden space 256000K, 100% used [0x00000007aab00000,0x00000007ba500000,0x00000007ba500000)
  from space 29184K, 99% used [0x00000007ba500000,0x00000007bc17e1e0,0x00000007bc180000)
  to   space 36864K, 0% used [0x00000007bdc00000,0x00000007bdc00000,0x00000007c0000000)
 ParOldGen       total 87552K, used 52762K [0x0000000780000000, 0x0000000785580000, 0x00000007aab00000)
  object space 87552K, 60% used [0x0000000780000000,0x0000000783386a90,0x0000000785580000)
 Metaspace       used 12847K, capacity 13400K, committed 13568K, reserved 1060864K
  class space    used 1921K, capacity 2035K, committed 2048K, reserved 1048576K
Event: 18.204 GC heap after
Heap after GC invocations=10 (full 0):
 PSYoungGen      total 312832K, used 10336K [0x00000007aab00000, 0x00000007c0000000, 0x00000007c0000000)
  eden space 275968K, 0% used [0x00000007aab00000,0x00000007aab00000,0x00000007bb880000)
  from space 36864K, 28% used [0x00000007bdc00000,0x00000007be618000,0x00000007c0000000)
  to   space 36352K, 0% used [0x00000007bb880000,0x00000007bb880000,0x00000007bdc00000)
 ParOldGen       total 87552K, used 71735K [0x0000000780000000, 0x0000000785580000, 0x00000007aab00000)
  object space 87552K, 81% used [0x0000000780000000,0x000000078460dfe0,0x0000000785580000)
 Metaspace       used 12847K, capacity 13400K, committed 13568K, reserved 1060864K
  class space    used 1921K, capacity 2035K, committed 2048K, reserved 1048576K
}
Event: 18.210 GC heap before
{Heap before GC invocations=11 (full 1):
 PSYoungGen      total 312832K, used 10336K [0x00000007aab00000, 0x00000007c0000000, 0x00000007c0000000)
  eden space 275968K, 0% used [0x00000007aab00000,0x00000007aab00000,0x00000007bb880000)
  from space 36864K, 28% used [0x00000007bdc00000,0x00000007be618000,0x00000007c0000000)
  to   space 36352K, 0% used [0x00000007bb880000,0x00000007bb880000,0x00000007bdc00000)
 ParOldGen       total 87552K, used 71735K [0x0000000780000000, 0x0000000785580000, 0x00000007aab00000)
  object space 87552K, 81% used [0x0000000780000000,0x000000078460dfe0,0x0000000785580000)
 Metaspace       used 12847K, capacity 13400K, committed 13568K, reserved 1060864K
  class space    used 1921K, capacity 2035K, committed 2048K, reserved 1048576K
Event: 18.623 GC heap after
Heap after GC invocations=11 (full 1):
 PSYoungGen      total 312832K, used 0K [0x00000007aab00000, 0x00000007c0000000, 0x00000007c0000000)
  eden space 275968K, 0% used [0x00000007aab00000,0x00000007aab00000,0x00000007bb880000)
  from space 36864K, 0% used [0x00000007bdc00000,0x00000007bdc00000,0x00000007c0000000)
  to   space 36352K, 0% used [0x00000007bb880000,0x00000007bb880000,0x00000007bdc00000)
 ParOldGen       total 128512K, used 66944K [0x0000000780000000, 0x0000000787d80000, 0x00000007aab00000)
  object space 128512K, 52% used [0x0000000780000000,0x0000000784160210,0x0000000787d80000)
 Metaspace       used 12847K, capacity 13400K, committed 13568K, reserved 1060864K
  class space    used 1921K, capacity 2035K, committed 2048K, reserved 1048576K
}

