# JRE version: Java(TM) SE Runtime Environment (8.0_201-b09) (build 1.8.0_201-b09)
# Java VM: Java HotSpot(TM) 64-Bit Server VM (25.201-b09 mixed mode bsd-amd64 compressed oops)
Heap:
 PSYoungGen      total 312320K, used 92549K [0x00000007aab00000, 0x00000007c0000000, 0x00000007c0000000)
  eden space 274944K, 33% used [0x00000007aab00000,0x00000007b05617d0,0x00000007bb780000)
  from space 37376K, 0% used [0x00000007bdb80000,0x00000007bdb80000,0x00000007c0000000)
  to   space 36864K, 0% used [0x00000007bb780000,0x00000007bb780000,0x00000007bdb80000)
 ParOldGen       total 129536K, used 66892K [0x0000000780000000, 0x0000000787e80000, 0x00000007aab00000)
  object space 129536K, 51% used [0x0000000780000000,0x0000000784153378,0x0000000787e80000)
 Metaspace       used 12848K, capacity 13524K, committed 13568K, reserved 1060864K
  class space    used 1913K, capacity 2035K, committed 2048K, reserved 1048576K
GC Heap History (10 events):
Event: 7.637 GC heap before
{Heap before GC invocations=7 (full 0):
 PSYoungGen      total 142848K, used 142821K [0x00000007aab00000, 0x00000007b4a00000, 0x00000007c0000000)
  eden space 130560K, 100% used [0x00000007aab00000,0x00000007b2a80000,0x00000007b2a80000)
  from space 12288K, 99% used [0x00000007b3900000,0x00000007b44f9400,0x00000007b4500000)
  to   space 14848K, 0% used [0x00000007b2a80000,0x00000007b2a80000,0x00000007b3900000)
 ParOldGen       total 87552K, used 24287K [0x0000000780000000, 0x0000000785580000, 0x00000007aab00000)
  object space 87552K, 27% used [0x0000000780000000,0x00000007817b7d58,0x0000000785580000)
 Metaspace       used 12020K, capacity 12582K, committed 12800K, reserved 1060864K
  class space    used 1846K, capacity 1931K, committed 2048K, reserved 1048576K
Event: 7.678 GC heap after
Heap after GC invocations=7 (full 0):
 PSYoungGen      total 145408K, used 14834K [0x00000007aab00000, 0x00000007bdc00000, 0x00000007c0000000)
  eden space 130560K, 0% used [0x00000007aab00000,0x00000007aab00000,0x00000007b2a80000)
  from space 14848K, 99% used [0x00000007b2a80000,0x00000007b38fc970,0x00000007b3900000)
  to   space 25600K, 0% used [0x00000007bc300000,0x00000007bc300000,0x00000007bdc00000)
 ParOldGen       total 87552K, used 42704K [0x0000000780000000, 0x0000000785580000, 0x00000007aab00000)
  object space 87552K, 48% used [0x0000000780000000,0x00000007829b42c0,0x0000000785580000)
 Metaspace       used 12020K, capacity 12582K, committed 12800K, reserved 1060864K
  class space    used 1846K, capacity 1931K, committed 2048K, reserved 1048576K
}
Event: 7.821 GC heap before
{Heap before GC invocations=8 (full 0):
 PSYoungGen      total 145408K, used 145394K [0x00000007aab00000, 0x00000007bdc00000, 0x00000007c0000000)
  eden space 130560K, 100% used [0x00000007aab00000,0x00000007b2a80000,0x00000007b2a80000)
  from space 14848K, 99% used [0x00000007b2a80000,0x00000007b38fc970,0x00000007b3900000)
  to   space 25600K, 0% used [0x00000007bc300000,0x00000007bc300000,0x00000007bdc00000)
 ParOldGen       total 87552K, used 42704K [0x0000000780000000, 0x0000000785580000, 0x00000007aab00000)
  object space 87552K, 48% used [0x0000000780000000,0x00000007829b42c0,0x0000000785580000)
 Metaspace       used 12093K, capacity 12686K, committed 12800K, reserved 1060864K
  class space    used 1873K, capacity 1966K, committed 2048K, reserved 1048576K
Event: 7.853 GC heap after
Heap after GC invocations=8 (full 0):
 PSYoungGen      total 282624K, used 25574K [0x00000007aab00000, 0x00000007be400000, 0x00000007c0000000)
  eden space 257024K, 0% used [0x00000007aab00000,0x00000007aab00000,0x00000007ba600000)
  from space 25600K, 99% used [0x00000007bc300000,0x00000007bdbf9b88,0x00000007bdc00000)
  to   space 29696K, 0% used [0x00000007ba600000,0x00000007ba600000,0x00000007bc300000)
 ParOldGen       total 87552K, used 42880K [0x0000000780000000, 0x0000000785580000, 0x00000007aab00000)
  object space 87552K, 48% used [0x0000000780000000,0x00000007829e0240,0x0000000785580000)
 Metaspace       used 12093K, capacity 12686K, committed 12800K, reserved 1060864K
  class space    used 1873K, capacity 1966K, committed 2048K, reserved 1048576K
}
Event: 9.324 GC heap before
{Heap before GC invocations=9 (full 0):
 PSYoungGen      total 282624K, used 282598K [0x00000007aab00000, 0x00000007be400000, 0x00000007c0000000)
  eden space 257024K, 100% used [0x00000007aab00000,0x00000007ba600000,0x00000007ba600000)
  from space 25600K, 99% used [0x00000007bc300000,0x00000007bdbf9b88,0x00000007bdc00000)
  to   space 29696K, 0% used [0x00000007ba600000,0x00000007ba600000,0x00000007bc300000)
 ParOldGen       total 87552K, used 42880K [0x0000000780000000, 0x0000000785580000, 0x00000007aab00000)
  object space 87552K, 48% used [0x0000000780000000,0x00000007829e0240,0x0000000785580000)
 Metaspace       used 12813K, capacity 13396K, committed 13568K, reserved 1060864K
  class space    used 1912K, capacity 2035K, committed 2048K, reserved 1048576K
Event: 9.398 GC heap after
Heap after GC invocations=9 (full 0):
 PSYoungGen      total 286720K, used 29683K [0x00000007aab00000, 0x00000007c0000000, 0x00000007c0000000)
  eden space 257024K, 0% used [0x00000007aab00000,0x00000007aab00000,0x00000007ba600000)
  from space 29696K, 99% used [0x00000007ba600000,0x00000007bc2fcc68,0x00000007bc300000)
  to   space 37376K, 0% used [0x00000007bdb80000,0x00000007bdb80000,0x00000007c0000000)
 ParOldGen       total 87552K, used 51904K [0x0000000780000000, 0x0000000785580000, 0x00000007aab00000)
  object space 87552K, 59% used [0x0000000780000000,0x00000007832b0020,0x0000000785580000)
 Metaspace       used 12813K, capacity 13396K, committed 13568K, reserved 1060864K
  class space    used 1912K, capacity 2035K, committed 2048K, reserved 1048576K
}
Event: 11.151 GC heap before
{Heap before GC invocations=10 (full 0):
 PSYoungGen      total 286720K, used 286707K [0x00000007aab00000, 0x00000007c0000000, 0x00000007c0000000)
  eden space 257024K, 100% used [0x00000007aab00000,0x00000007ba600000,0x00000007ba600000)
  from space 29696K, 99% used [0x00000007ba600000,0x00000007bc2fcc68,0x00000007bc300000)
  to   space 37376K, 0% used [0x00000007bdb80000,0x00000007bdb80000,0x00000007c0000000)
 ParOldGen       total 87552K, used 51904K [0x0000000780000000, 0x0000000785580000, 0x00000007aab00000)
  object space 87552K, 59% used [0x0000000780000000,0x00000007832b0020,0x0000000785580000)
 Metaspace       used 12846K, capacity 13460K, committed 13568K, reserved 1060864K
  class space    used 1913K, capacity 2035K, committed 2048K, reserved 1048576K
Event: 11.208 GC heap after
Heap after GC invocations=10 (full 0):
 PSYoungGen      total 312320K, used 9536K [0x00000007aab00000, 0x00000007c0000000, 0x00000007c0000000)
  eden space 274944K, 0% used [0x00000007aab00000,0x00000007aab00000,0x00000007bb780000)
  from space 37376K, 25% used [0x00000007bdb80000,0x00000007be4d0000,0x00000007c0000000)
  to   space 36864K, 0% used [0x00000007bb780000,0x00000007bb780000,0x00000007bdb80000)
 ParOldGen       total 87552K, used 72178K [0x0000000780000000, 0x0000000785580000, 0x00000007aab00000)
  object space 87552K, 82% used [0x0000000780000000,0x000000078467ca60,0x0000000785580000)
 Metaspace       used 12846K, capacity 13460K, committed 13568K, reserved 1060864K
  class space    used 1913K, capacity 2035K, committed 2048K, reserved 1048576K
}
Event: 11.208 GC heap before
{Heap before GC invocations=11 (full 1):
 PSYoungGen      total 312320K, used 9536K [0x00000007aab00000, 0x00000007c0000000, 0x00000007c0000000)
  eden space 274944K, 0% used [0x00000007aab00000,0x00000007aab00000,0x00000007bb780000)
  from space 37376K, 25% used [0x00000007bdb80000,0x00000007be4d0000,0x00000007c0000000)
  to   space 36864K, 0% used [0x00000007bb780000,0x00000007bb780000,0x00000007bdb80000)
 ParOldGen       total 87552K, used 72178K [0x0000000780000000, 0x0000000785580000, 0x00000007aab00000)
  object space 87552K, 82% used [0x0000000780000000,0x000000078467ca60,0x0000000785580000)
 Metaspace       used 12846K, capacity 13460K, committed 13568K, reserved 1060864K
  class space    used 1913K, capacity 2035K, committed 2048K, reserved 1048576K
Event: 11.550 GC heap after
Heap after GC invocations=11 (full 1):
 PSYoungGen      total 312320K, used 0K [0x00000007aab00000, 0x00000007c0000000, 0x00000007c0000000)
  eden space 274944K, 0% used [0x00000007aab00000,0x00000007aab00000,0x00000007bb780000)
  from space 37376K, 0% used [0x00000007bdb80000,0x00000007bdb80000,0x00000007c0000000)
  to   space 36864K, 0% used [0x00000007bb780000,0x00000007bb780000,0x00000007bdb80000)
 ParOldGen       total 129536K, used 66892K [0x0000000780000000, 0x0000000787e80000, 0x00000007aab00000)
  object space 129536K, 51% used [0x0000000780000000,0x0000000784153378,0x0000000787e80000)
 Metaspace       used 12846K, capacity 13460K, committed 13568K, reserved 1060864K
  class space    used 1913K, capacity 2035K, committed 2048K, reserved 1048576K
}

