# JRE version: Java(TM) SE Runtime Environment (8.0_201-b09) (build 1.8.0_201-b09)
# Java VM: Java HotSpot(TM) 64-Bit Server VM (25.201-b09 mixed mode bsd-amd64 compressed oops)
Heap:
 PSYoungGen      total 282624K, used 234520K [0x00000007aab00000, 0x00000007be400000, 0x00000007c0000000)
  eden space 257024K, 81% used [0x00000007aab00000,0x00000007b770ac48,0x00000007ba600000)
  from space 25600K, 99% used [0x00000007bc300000,0x00000007bdbfb3f8,0x00000007bdc00000)
  to   space 29696K, 0% used [0x00000007ba600000,0x00000007ba600000,0x00000007bc300000)
 ParOldGen       total 87552K, used 42529K [0x0000000780000000, 0x0000000785580000, 0x00000007aab00000)
  object space 87552K, 48% used [0x0000000780000000,0x00000007829886c0,0x0000000785580000)
 Metaspace       used 12717K, capacity 13324K, committed 13568K, reserved 1060864K
  class space    used 1910K, capacity 2035K, committed 2048K, reserved 1048576K
GC Heap History (10 events):
Event: 6.730 GC heap before
{Heap before GC invocations=4 (full 0):
 PSYoungGen      total 38400K, used 38384K [0x00000007aab00000, 0x00000007af600000, 0x00000007c0000000)
  eden space 33280K, 100% used [0x00000007aab00000,0x00000007acb80000,0x00000007acb80000)
  from space 5120K, 99% used [0x00000007acb80000,0x00000007ad07c048,0x00000007ad080000)
  to   space 5120K, 0% used [0x00000007af100000,0x00000007af100000,0x00000007af600000)
 ParOldGen       total 87552K, used 12896K [0x0000000780000000, 0x0000000785580000, 0x00000007aab00000)
  object space 87552K, 14% used [0x0000000780000000,0x0000000780c981a8,0x0000000785580000)
 Metaspace       used 10023K, capacity 10358K, committed 10624K, reserved 1058816K
  class space    used 1535K, capacity 1621K, committed 1664K, reserved 1048576K
Event: 6.739 GC heap after
Heap after GC invocations=4 (full 0):
 PSYoungGen      total 71680K, used 5114K [0x00000007aab00000, 0x00000007af600000, 0x00000007c0000000)
  eden space 66560K, 0% used [0x00000007aab00000,0x00000007aab00000,0x00000007aec00000)
  from space 5120K, 99% used [0x00000007af100000,0x00000007af5feae0,0x00000007af600000)
  to   space 5120K, 0% used [0x00000007aec00000,0x00000007aec00000,0x00000007af100000)
 ParOldGen       total 87552K, used 15213K [0x0000000780000000, 0x0000000785580000, 0x00000007aab00000)
  object space 87552K, 17% used [0x0000000780000000,0x0000000780edb7b0,0x0000000785580000)
 Metaspace       used 10023K, capacity 10358K, committed 10624K, reserved 1058816K
  class space    used 1535K, capacity 1621K, committed 1664K, reserved 1048576K
}
Event: 6.896 GC heap before
{Heap before GC invocations=5 (full 0):
 PSYoungGen      total 71680K, used 71674K [0x00000007aab00000, 0x00000007af600000, 0x00000007c0000000)
  eden space 66560K, 100% used [0x00000007aab00000,0x00000007aec00000,0x00000007aec00000)
  from space 5120K, 99% used [0x00000007af100000,0x00000007af5feae0,0x00000007af600000)
  to   space 5120K, 0% used [0x00000007aec00000,0x00000007aec00000,0x00000007af100000)
 ParOldGen       total 87552K, used 15213K [0x0000000780000000, 0x0000000785580000, 0x00000007aab00000)
  object space 87552K, 17% used [0x0000000780000000,0x0000000780edb7b0,0x0000000785580000)
 Metaspace       used 10027K, capacity 10358K, committed 10624K, reserved 1058816K
  class space    used 1535K, capacity 1621K, committed 1664K, reserved 1048576K
Event: 6.914 GC heap after
Heap after GC invocations=5 (full 0):
 PSYoungGen      total 71680K, used 5098K [0x00000007aab00000, 0x00000007b4500000, 0x00000007c0000000)
  eden space 66560K, 0% used [0x00000007aab00000,0x00000007aab00000,0x00000007aec00000)
  from space 5120K, 99% used [0x00000007aec00000,0x00000007af0faac0,0x00000007af100000)
  to   space 12288K, 0% used [0x00000007b3900000,0x00000007b3900000,0x00000007b4500000)
 ParOldGen       total 87552K, used 21397K [0x0000000780000000, 0x0000000785580000, 0x00000007aab00000)
  object space 87552K, 24% used [0x0000000780000000,0x00000007814e57c0,0x0000000785580000)
 Metaspace       used 10027K, capacity 10358K, committed 10624K, reserved 1058816K
  class space    used 1535K, capacity 1621K, committed 1664K, reserved 1048576K
}
Event: 7.805 GC heap before
{Heap before GC invocations=6 (full 0):
 PSYoungGen      total 71680K, used 71023K [0x00000007aab00000, 0x00000007b4500000, 0x00000007c0000000)
  eden space 66560K, 99% used [0x00000007aab00000,0x00000007aeb61378,0x00000007aec00000)
  from space 5120K, 99% used [0x00000007aec00000,0x00000007af0faac0,0x00000007af100000)
  to   space 12288K, 0% used [0x00000007b3900000,0x00000007b3900000,0x00000007b4500000)
 ParOldGen       total 87552K, used 21397K [0x0000000780000000, 0x0000000785580000, 0x00000007aab00000)
  object space 87552K, 24% used [0x0000000780000000,0x00000007814e57c0,0x0000000785580000)
 Metaspace       used 10034K, capacity 10358K, committed 10624K, reserved 1058816K
  class space    used 1535K, capacity 1621K, committed 1664K, reserved 1048576K
Event: 7.836 GC heap after
Heap after GC invocations=6 (full 0):
 PSYoungGen      total 142848K, used 12260K [0x00000007aab00000, 0x00000007b4a00000, 0x00000007c0000000)
  eden space 130560K, 0% used [0x00000007aab00000,0x00000007aab00000,0x00000007b2a80000)
  from space 12288K, 99% used [0x00000007b3900000,0x00000007b44f93e0,0x00000007b4500000)
  to   space 14848K, 0% used [0x00000007b2a80000,0x00000007b2a80000,0x00000007b3900000)
 ParOldGen       total 87552K, used 23821K [0x0000000780000000, 0x0000000785580000, 0x00000007aab00000)
  object space 87552K, 27% used [0x0000000780000000,0x00000007817437c0,0x0000000785580000)
 Metaspace       used 10034K, capacity 10358K, committed 10624K, reserved 1058816K
  class space    used 1535K, capacity 1621K, committed 1664K, reserved 1048576K
}
Event: 8.990 GC heap before
{Heap before GC invocations=7 (full 0):
 PSYoungGen      total 142848K, used 142820K [0x00000007aab00000, 0x00000007b4a00000, 0x00000007c0000000)
  eden space 130560K, 100% used [0x00000007aab00000,0x00000007b2a80000,0x00000007b2a80000)
  from space 12288K, 99% used [0x00000007b3900000,0x00000007b44f93e0,0x00000007b4500000)
  to   space 14848K, 0% used [0x00000007b2a80000,0x00000007b2a80000,0x00000007b3900000)
 ParOldGen       total 87552K, used 23821K [0x0000000780000000, 0x0000000785580000, 0x00000007aab00000)
  object space 87552K, 27% used [0x0000000780000000,0x00000007817437c0,0x0000000785580000)
 Metaspace       used 11858K, capacity 12398K, committed 12672K, reserved 1060864K
  class space    used 1801K, capacity 1881K, committed 1920K, reserved 1048576K
Event: 9.034 GC heap after
Heap after GC invocations=7 (full 0):
 PSYoungGen      total 145408K, used 14842K [0x00000007aab00000, 0x00000007bdc00000, 0x00000007c0000000)
  eden space 130560K, 0% used [0x00000007aab00000,0x00000007aab00000,0x00000007b2a80000)
  from space 14848K, 99% used [0x00000007b2a80000,0x00000007b38fea90,0x00000007b3900000)
  to   space 25600K, 0% used [0x00000007bc300000,0x00000007bc300000,0x00000007bdc00000)
 ParOldGen       total 87552K, used 42329K [0x0000000780000000, 0x0000000785580000, 0x00000007aab00000)
  object space 87552K, 48% used [0x0000000780000000,0x0000000782956740,0x0000000785580000)
 Metaspace       used 11858K, capacity 12398K, committed 12672K, reserved 1060864K
  class space    used 1801K, capacity 1881K, committed 1920K, reserved 1048576K
}
Event: 9.211 GC heap before
{Heap before GC invocations=8 (full 0):
 PSYoungGen      total 145408K, used 145402K [0x00000007aab00000, 0x00000007bdc00000, 0x00000007c0000000)
  eden space 130560K, 100% used [0x00000007aab00000,0x00000007b2a80000,0x00000007b2a80000)
  from space 14848K, 99% used [0x00000007b2a80000,0x00000007b38fea90,0x00000007b3900000)
  to   space 25600K, 0% used [0x00000007bc300000,0x00000007bc300000,0x00000007bdc00000)
 ParOldGen       total 87552K, used 42329K [0x0000000780000000, 0x0000000785580000, 0x00000007aab00000)
  object space 87552K, 48% used [0x0000000780000000,0x0000000782956740,0x0000000785580000)
 Metaspace       used 11945K, capacity 12502K, committed 12672K, reserved 1060864K
  class space    used 1835K, capacity 1916K, committed 1920K, reserved 1048576K
Event: 9.243 GC heap after
Heap after GC invocations=8 (full 0):
 PSYoungGen      total 282624K, used 25580K [0x00000007aab00000, 0x00000007be400000, 0x00000007c0000000)
  eden space 257024K, 0% used [0x00000007aab00000,0x00000007aab00000,0x00000007ba600000)
  from space 25600K, 99% used [0x00000007bc300000,0x00000007bdbfb3f8,0x00000007bdc00000)
  to   space 29696K, 0% used [0x00000007ba600000,0x00000007ba600000,0x00000007bc300000)
 ParOldGen       total 87552K, used 42529K [0x0000000780000000, 0x0000000785580000, 0x00000007aab00000)
  object space 87552K, 48% used [0x0000000780000000,0x00000007829886c0,0x0000000785580000)
 Metaspace       used 11945K, capacity 12502K, committed 12672K, reserved 1060864K
  class space    used 1835K, capacity 1916K, committed 1920K, reserved 1048576K
}

