# JRE version: Java(TM) SE Runtime Environment (8.0_201-b09) (build 1.8.0_201-b09)
# Java VM: Java HotSpot(TM) 64-Bit Server VM (25.201-b09 mixed mode bsd-amd64 compressed oops)
Heap:
 PSYoungGen      total 288256K, used 137641K [0x00000007aab00000, 0x00000007c0000000, 0x00000007c0000000)
  eden space 258560K, 41% used [0x00000007aab00000,0x00000007b146c220,0x00000007ba780000)
  from space 29696K, 99% used [0x00000007ba780000,0x00000007bc47e1e0,0x00000007bc480000)
  to   space 37376K, 0% used [0x00000007bdb80000,0x00000007bdb80000,0x00000007c0000000)
 ParOldGen       total 87552K, used 51036K [0x0000000780000000, 0x0000000785580000, 0x00000007aab00000)
  object space 87552K, 58% used [0x0000000780000000,0x00000007831d7090,0x0000000785580000)
 Metaspace       used 12817K, capacity 13404K, committed 13568K, reserved 1060864K
  class space    used 1914K, capacity 2035K, committed 2048K, reserved 1048576K
GC Heap History (10 events):
Event: 6.637 GC heap before
{Heap before GC invocations=5 (full 0):
 PSYoungGen      total 71680K, used 71674K [0x00000007aab00000, 0x00000007af600000, 0x00000007c0000000)
  eden space 66560K, 100% used [0x00000007aab00000,0x00000007aec00000,0x00000007aec00000)
  from space 5120K, 99% used [0x00000007af100000,0x00000007af5feae0,0x00000007af600000)
  to   space 5120K, 0% used [0x00000007aec00000,0x00000007aec00000,0x00000007af100000)
 ParOldGen       total 87552K, used 14577K [0x0000000780000000, 0x0000000785580000, 0x00000007aab00000)
  object space 87552K, 16% used [0x0000000780000000,0x0000000780e3c6f0,0x0000000785580000)
 Metaspace       used 10036K, capacity 10366K, committed 10624K, reserved 1058816K
  class space    used 1542K, capacity 1621K, committed 1664K, reserved 1048576K
Event: 6.652 GC heap after
Heap after GC invocations=5 (full 0):
 PSYoungGen      total 71680K, used 5114K [0x00000007aab00000, 0x00000007b4500000, 0x00000007c0000000)
  eden space 66560K, 0% used [0x00000007aab00000,0x00000007aab00000,0x00000007aec00000)
  from space 5120K, 99% used [0x00000007aec00000,0x00000007af0fead0,0x00000007af100000)
  to   space 12288K, 0% used [0x00000007b3900000,0x00000007b3900000,0x00000007b4500000)
 ParOldGen       total 87552K, used 20857K [0x0000000780000000, 0x0000000785580000, 0x00000007aab00000)
  object space 87552K, 23% used [0x0000000780000000,0x000000078145e700,0x0000000785580000)
 Metaspace       used 10036K, capacity 10366K, committed 10624K, reserved 1058816K
  class space    used 1542K, capacity 1621K, committed 1664K, reserved 1048576K
}
Event: 7.196 GC heap before
{Heap before GC invocations=6 (full 0):
 PSYoungGen      total 71680K, used 71674K [0x00000007aab00000, 0x00000007b4500000, 0x00000007c0000000)
  eden space 66560K, 100% used [0x00000007aab00000,0x00000007aec00000,0x00000007aec00000)
  from space 5120K, 99% used [0x00000007aec00000,0x00000007af0fead0,0x00000007af100000)
  to   space 12288K, 0% used [0x00000007b3900000,0x00000007b3900000,0x00000007b4500000)
 ParOldGen       total 87552K, used 20857K [0x0000000780000000, 0x0000000785580000, 0x00000007aab00000)
  object space 87552K, 23% used [0x0000000780000000,0x000000078145e700,0x0000000785580000)
 Metaspace       used 10042K, capacity 10366K, committed 10624K, reserved 1058816K
  class space    used 1542K, capacity 1621K, committed 1664K, reserved 1048576K
Event: 7.210 GC heap after
Heap after GC invocations=6 (full 0):
 PSYoungGen      total 143360K, used 12260K [0x00000007aab00000, 0x00000007b4900000, 0x00000007c0000000)
  eden space 131072K, 0% used [0x00000007aab00000,0x00000007aab00000,0x00000007b2b00000)
  from space 12288K, 99% used [0x00000007b3900000,0x00000007b44f93d0,0x00000007b4500000)
  to   space 14336K, 0% used [0x00000007b2b00000,0x00000007b2b00000,0x00000007b3900000)
 ParOldGen       total 87552K, used 22065K [0x0000000780000000, 0x0000000785580000, 0x00000007aab00000)
  object space 87552K, 25% used [0x0000000780000000,0x000000078158c700,0x0000000785580000)
 Metaspace       used 10042K, capacity 10366K, committed 10624K, reserved 1058816K
  class space    used 1542K, capacity 1621K, committed 1664K, reserved 1048576K
}
Event: 8.168 GC heap before
{Heap before GC invocations=7 (full 0):
 PSYoungGen      total 143360K, used 143332K [0x00000007aab00000, 0x00000007b4900000, 0x00000007c0000000)
  eden space 131072K, 100% used [0x00000007aab00000,0x00000007b2b00000,0x00000007b2b00000)
  from space 12288K, 99% used [0x00000007b3900000,0x00000007b44f93d0,0x00000007b4500000)
  to   space 14336K, 0% used [0x00000007b2b00000,0x00000007b2b00000,0x00000007b3900000)
 ParOldGen       total 87552K, used 22065K [0x0000000780000000, 0x0000000785580000, 0x00000007aab00000)
  object space 87552K, 25% used [0x0000000780000000,0x000000078158c700,0x0000000785580000)
 Metaspace       used 11972K, capacity 12566K, committed 12800K, reserved 1060864K
  class space    used 1842K, capacity 1927K, committed 2048K, reserved 1048576K
Event: 8.208 GC heap after
Heap after GC invocations=7 (full 0):
 PSYoungGen      total 145408K, used 14328K [0x00000007aab00000, 0x00000007bde00000, 0x00000007c0000000)
  eden space 131072K, 0% used [0x00000007aab00000,0x00000007aab00000,0x00000007b2b00000)
  from space 14336K, 99% used [0x00000007b2b00000,0x00000007b38fe1e0,0x00000007b3900000)
  to   space 26112K, 0% used [0x00000007bc480000,0x00000007bc480000,0x00000007bde00000)
 ParOldGen       total 87552K, used 42204K [0x0000000780000000, 0x0000000785580000, 0x00000007aab00000)
  object space 87552K, 48% used [0x0000000780000000,0x00000007829372c0,0x0000000785580000)
 Metaspace       used 11972K, capacity 12566K, committed 12800K, reserved 1060864K
  class space    used 1842K, capacity 1927K, committed 2048K, reserved 1048576K
}
Event: 8.365 GC heap before
{Heap before GC invocations=8 (full 0):
 PSYoungGen      total 145408K, used 145400K [0x00000007aab00000, 0x00000007bde00000, 0x00000007c0000000)
  eden space 131072K, 100% used [0x00000007aab00000,0x00000007b2b00000,0x00000007b2b00000)
  from space 14336K, 99% used [0x00000007b2b00000,0x00000007b38fe1e0,0x00000007b3900000)
  to   space 26112K, 0% used [0x00000007bc480000,0x00000007bc480000,0x00000007bde00000)
 ParOldGen       total 87552K, used 42204K [0x0000000780000000, 0x0000000785580000, 0x00000007aab00000)
  object space 87552K, 48% used [0x0000000780000000,0x00000007829372c0,0x0000000785580000)
 Metaspace       used 12056K, capacity 12606K, committed 12800K, reserved 1060864K
  class space    used 1880K, capacity 1962K, committed 2048K, reserved 1048576K
Event: 8.398 GC heap after
Heap after GC invocations=8 (full 0):
 PSYoungGen      total 284672K, used 25243K [0x00000007aab00000, 0x00000007be500000, 0x00000007c0000000)
  eden space 258560K, 0% used [0x00000007aab00000,0x00000007aab00000,0x00000007ba780000)
  from space 26112K, 96% used [0x00000007bc480000,0x00000007bdd26d90,0x00000007bde00000)
  to   space 29696K, 0% used [0x00000007ba780000,0x00000007ba780000,0x00000007bc480000)
 ParOldGen       total 87552K, used 42327K [0x0000000780000000, 0x0000000785580000, 0x00000007aab00000)
  object space 87552K, 48% used [0x0000000780000000,0x0000000782955d48,0x0000000785580000)
 Metaspace       used 12056K, capacity 12606K, committed 12800K, reserved 1060864K
  class space    used 1880K, capacity 1962K, committed 2048K, reserved 1048576K
}
Event: 10.274 GC heap before
{Heap before GC invocations=9 (full 0):
 PSYoungGen      total 284672K, used 283803K [0x00000007aab00000, 0x00000007be500000, 0x00000007c0000000)
  eden space 258560K, 100% used [0x00000007aab00000,0x00000007ba780000,0x00000007ba780000)
  from space 26112K, 96% used [0x00000007bc480000,0x00000007bdd26d90,0x00000007bde00000)
  to   space 29696K, 0% used [0x00000007ba780000,0x00000007ba780000,0x00000007bc480000)
 ParOldGen       total 87552K, used 42327K [0x0000000780000000, 0x0000000785580000, 0x00000007aab00000)
  object space 87552K, 48% used [0x0000000780000000,0x0000000782955d48,0x0000000785580000)
 Metaspace       used 12809K, capacity 13404K, committed 13568K, reserved 1060864K
  class space    used 1914K, capacity 2035K, committed 2048K, reserved 1048576K
Event: 10.319 GC heap after
Heap after GC invocations=9 (full 0):
 PSYoungGen      total 288256K, used 29688K [0x00000007aab00000, 0x00000007c0000000, 0x00000007c0000000)
  eden space 258560K, 0% used [0x00000007aab00000,0x00000007aab00000,0x00000007ba780000)
  from space 29696K, 99% used [0x00000007ba780000,0x00000007bc47e1e0,0x00000007bc480000)
  to   space 37376K, 0% used [0x00000007bdb80000,0x00000007bdb80000,0x00000007c0000000)
 ParOldGen       total 87552K, used 51036K [0x0000000780000000, 0x0000000785580000, 0x00000007aab00000)
  object space 87552K, 58% used [0x0000000780000000,0x00000007831d7090,0x0000000785580000)
 Metaspace       used 12809K, capacity 13404K, committed 13568K, reserved 1060864K
  class space    used 1914K, capacity 2035K, committed 2048K, reserved 1048576K
}

