# JRE version: Java(TM) SE Runtime Environment (8.0_201-b09) (build 1.8.0_201-b09)
# Java VM: Java HotSpot(TM) 64-Bit Server VM (25.201-b09 mixed mode bsd-amd64 compressed oops)
Heap:
 PSYoungGen      total 287232K, used 136204K [0x00000007aab00000, 0x00000007c0000000, 0x00000007c0000000)
  eden space 257536K, 41% used [0x00000007aab00000,0x00000007b1305010,0x00000007ba680000)
  from space 29696K, 99% used [0x00000007ba680000,0x00000007bc37e1e0,0x00000007bc380000)
  to   space 37888K, 0% used [0x00000007bdb00000,0x00000007bdb00000,0x00000007c0000000)
 ParOldGen       total 87552K, used 52919K [0x0000000780000000, 0x0000000785580000, 0x00000007aab00000)
  object space 87552K, 60% used [0x0000000780000000,0x00000007833adf40,0x0000000785580000)
 Metaspace       used 12810K, capacity 13400K, committed 13568K, reserved 1060864K
  class space    used 1911K, capacity 2035K, committed 2048K, reserved 1048576K
GC Heap History (10 events):
Event: 7.069 GC heap before
{Heap before GC invocations=5 (full 0):
 PSYoungGen      total 71680K, used 71658K [0x00000007aab00000, 0x00000007af600000, 0x00000007c0000000)
  eden space 66560K, 100% used [0x00000007aab00000,0x00000007aec00000,0x00000007aec00000)
  from space 5120K, 99% used [0x00000007af100000,0x00000007af5faad0,0x00000007af600000)
  to   space 5120K, 0% used [0x00000007aec00000,0x00000007aec00000,0x00000007af100000)
 ParOldGen       total 87552K, used 15733K [0x0000000780000000, 0x0000000785580000, 0x00000007aab00000)
  object space 87552K, 17% used [0x0000000780000000,0x0000000780f5d588,0x0000000785580000)
 Metaspace       used 10023K, capacity 10362K, committed 10624K, reserved 1058816K
  class space    used 1534K, capacity 1621K, committed 1664K, reserved 1048576K
Event: 7.082 GC heap after
Heap after GC invocations=5 (full 0):
 PSYoungGen      total 71680K, used 5098K [0x00000007aab00000, 0x00000007b4500000, 0x00000007c0000000)
  eden space 66560K, 0% used [0x00000007aab00000,0x00000007aab00000,0x00000007aec00000)
  from space 5120K, 99% used [0x00000007aec00000,0x00000007af0faaf0,0x00000007af100000)
  to   space 12288K, 0% used [0x00000007b3900000,0x00000007b3900000,0x00000007b4500000)
 ParOldGen       total 87552K, used 21901K [0x0000000780000000, 0x0000000785580000, 0x00000007aab00000)
  object space 87552K, 25% used [0x0000000780000000,0x0000000781563588,0x0000000785580000)
 Metaspace       used 10023K, capacity 10362K, committed 10624K, reserved 1058816K
  class space    used 1534K, capacity 1621K, committed 1664K, reserved 1048576K
}
Event: 7.718 GC heap before
{Heap before GC invocations=6 (full 0):
 PSYoungGen      total 71680K, used 71243K [0x00000007aab00000, 0x00000007b4500000, 0x00000007c0000000)
  eden space 66560K, 99% used [0x00000007aab00000,0x00000007aeb98460,0x00000007aec00000)
  from space 5120K, 99% used [0x00000007aec00000,0x00000007af0faaf0,0x00000007af100000)
  to   space 12288K, 0% used [0x00000007b3900000,0x00000007b3900000,0x00000007b4500000)
 ParOldGen       total 87552K, used 21901K [0x0000000780000000, 0x0000000785580000, 0x00000007aab00000)
  object space 87552K, 25% used [0x0000000780000000,0x0000000781563588,0x0000000785580000)
 Metaspace       used 10030K, capacity 10362K, committed 10624K, reserved 1058816K
  class space    used 1534K, capacity 1621K, committed 1664K, reserved 1048576K
Event: 7.736 GC heap after
Heap after GC invocations=6 (full 0):
 PSYoungGen      total 142848K, used 12266K [0x00000007aab00000, 0x00000007b4a00000, 0x00000007c0000000)
  eden space 130560K, 0% used [0x00000007aab00000,0x00000007aab00000,0x00000007b2a80000)
  from space 12288K, 99% used [0x00000007b3900000,0x00000007b44fa968,0x00000007b4500000)
  to   space 14848K, 0% used [0x00000007b2a80000,0x00000007b2a80000,0x00000007b3900000)
 ParOldGen       total 87552K, used 25141K [0x0000000780000000, 0x0000000785580000, 0x00000007aab00000)
  object space 87552K, 28% used [0x0000000780000000,0x000000078188d588,0x0000000785580000)
 Metaspace       used 10030K, capacity 10362K, committed 10624K, reserved 1058816K
  class space    used 1534K, capacity 1621K, committed 1664K, reserved 1048576K
}
Event: 8.760 GC heap before
{Heap before GC invocations=7 (full 0):
 PSYoungGen      total 142848K, used 142826K [0x00000007aab00000, 0x00000007b4a00000, 0x00000007c0000000)
  eden space 130560K, 100% used [0x00000007aab00000,0x00000007b2a80000,0x00000007b2a80000)
  from space 12288K, 99% used [0x00000007b3900000,0x00000007b44fa968,0x00000007b4500000)
  to   space 14848K, 0% used [0x00000007b2a80000,0x00000007b2a80000,0x00000007b3900000)
 ParOldGen       total 87552K, used 25141K [0x0000000780000000, 0x0000000785580000, 0x00000007aab00000)
  object space 87552K, 28% used [0x0000000780000000,0x000000078188d588,0x0000000785580000)
 Metaspace       used 12058K, capacity 12632K, committed 12800K, reserved 1060864K
  class space    used 1833K, capacity 1928K, committed 2048K, reserved 1048576K
Event: 8.819 GC heap after
Heap after GC invocations=7 (full 0):
 PSYoungGen      total 145408K, used 14834K [0x00000007aab00000, 0x00000007bdd00000, 0x00000007c0000000)
  eden space 130560K, 0% used [0x00000007aab00000,0x00000007aab00000,0x00000007b2a80000)
  from space 14848K, 99% used [0x00000007b2a80000,0x00000007b38fc970,0x00000007b3900000)
  to   space 26112K, 0% used [0x00000007bc380000,0x00000007bc380000,0x00000007bdd00000)
 ParOldGen       total 87552K, used 43575K [0x0000000780000000, 0x0000000785580000, 0x00000007aab00000)
  object space 87552K, 49% used [0x0000000780000000,0x0000000782a8df58,0x0000000785580000)
 Metaspace       used 12058K, capacity 12632K, committed 12800K, reserved 1060864K
  class space    used 1833K, capacity 1928K, committed 2048K, reserved 1048576K
}
Event: 8.973 GC heap before
{Heap before GC invocations=8 (full 0):
 PSYoungGen      total 145408K, used 145394K [0x00000007aab00000, 0x00000007bdd00000, 0x00000007c0000000)
  eden space 130560K, 100% used [0x00000007aab00000,0x00000007b2a80000,0x00000007b2a80000)
  from space 14848K, 99% used [0x00000007b2a80000,0x00000007b38fc970,0x00000007b3900000)
  to   space 26112K, 0% used [0x00000007bc380000,0x00000007bc380000,0x00000007bdd00000)
 ParOldGen       total 87552K, used 43575K [0x0000000780000000, 0x0000000785580000, 0x00000007aab00000)
  object space 87552K, 49% used [0x0000000780000000,0x0000000782a8df58,0x0000000785580000)
 Metaspace       used 12141K, capacity 12672K, committed 12800K, reserved 1060864K
  class space    used 1871K, capacity 1963K, committed 2048K, reserved 1048576K
Event: 9.017 GC heap after
Heap after GC invocations=8 (full 0):
 PSYoungGen      total 283648K, used 25804K [0x00000007aab00000, 0x00000007be400000, 0x00000007c0000000)
  eden space 257536K, 0% used [0x00000007aab00000,0x00000007aab00000,0x00000007ba680000)
  from space 26112K, 98% used [0x00000007bc380000,0x00000007bdcb33f8,0x00000007bdd00000)
  to   space 29696K, 0% used [0x00000007ba680000,0x00000007ba680000,0x00000007bc380000)
 ParOldGen       total 87552K, used 43690K [0x0000000780000000, 0x0000000785580000, 0x00000007aab00000)
  object space 87552K, 49% used [0x0000000780000000,0x0000000782aaa9e0,0x0000000785580000)
 Metaspace       used 12141K, capacity 12672K, committed 12800K, reserved 1060864K
  class space    used 1871K, capacity 1963K, committed 2048K, reserved 1048576K
}
Event: 10.550 GC heap before
{Heap before GC invocations=9 (full 0):
 PSYoungGen      total 283648K, used 283340K [0x00000007aab00000, 0x00000007be400000, 0x00000007c0000000)
  eden space 257536K, 100% used [0x00000007aab00000,0x00000007ba680000,0x00000007ba680000)
  from space 26112K, 98% used [0x00000007bc380000,0x00000007bdcb33f8,0x00000007bdd00000)
  to   space 29696K, 0% used [0x00000007ba680000,0x00000007ba680000,0x00000007bc380000)
 ParOldGen       total 87552K, used 43690K [0x0000000780000000, 0x0000000785580000, 0x00000007aab00000)
  object space 87552K, 49% used [0x0000000780000000,0x0000000782aaa9e0,0x0000000785580000)
 Metaspace       used 12795K, capacity 13400K, committed 13568K, reserved 1060864K
  class space    used 1911K, capacity 2035K, committed 2048K, reserved 1048576K
Event: 10.609 GC heap after
Heap after GC invocations=9 (full 0):
 PSYoungGen      total 287232K, used 29688K [0x00000007aab00000, 0x00000007c0000000, 0x00000007c0000000)
  eden space 257536K, 0% used [0x00000007aab00000,0x00000007aab00000,0x00000007ba680000)
  from space 29696K, 99% used [0x00000007ba680000,0x00000007bc37e1e0,0x00000007bc380000)
  to   space 37888K, 0% used [0x00000007bdb00000,0x00000007bdb00000,0x00000007c0000000)
 ParOldGen       total 87552K, used 52919K [0x0000000780000000, 0x0000000785580000, 0x00000007aab00000)
  object space 87552K, 60% used [0x0000000780000000,0x00000007833adf40,0x0000000785580000)
 Metaspace       used 12795K, capacity 13400K, committed 13568K, reserved 1060864K
  class space    used 1911K, capacity 2035K, committed 2048K, reserved 1048576K
}

